<?xml version="1.0" encoding="UTF-8"?>
<!-- Generated by org.testng.reporters.JUnitReportReporter -->
<testsuite skipped="0" hostname="MLI8WIN10PLP" name="com.birst.ExecutionClass" tests="1" failures="0" timestamp="23 Nov 2018 06:51:52 GMT" time="21.562" errors="0">
  <testcase name="testNG" time="21.562" classname="com.birst.ExecutionClass"/>
</testsuite> <!-- com.birst.ExecutionClass -->
